<?xml version="1.0" encoding="UTF-8"?>
<!-- Generated by org.testng.reporters.JUnitXMLReporter -->
<testsuite ignored="8" hostname="nikhil" failures="0" tests="3" name="Surefire test" time="191.947" errors="0" timestamp="2024-11-19T10:56:54 IST">
  <testcase classname="com.shopperstack_TestScript.Tc_001_Verify_user_is_able_to_addAddresses_or_not_Test" name="addAddress" time="18.397"/>
  <testcase classname="com.shopperstack_TestScript.Tc_002_Verify_user_is_delete_Address_or_not_Test" name="deleteAddress" time="17.428"/>
  <testcase classname="com.shopperstack_TestScript.Tc_003_Verify_user_Place_order_or_not_Test" name="orderProduct" time="29.799"/>
  <testcase classname="com.shoppersstack_Generic_Utility.Base_Test" name="@BeforeSuite beforeSuit" time="0.0">
    <ignored/>
  </testcase> <!-- @BeforeSuite beforeSuit -->
  <testcase classname="com.shoppersstack_Generic_Utility.Base_Test" name="@BeforeSuite beforeSuit" time="0.0">
    <ignored/>
  </testcase> <!-- @BeforeSuite beforeSuit -->
  <testcase classname="com.shoppersstack_Generic_Utility.Base_Test" name="@BeforeTest beforeTest" time="0.0">
    <ignored/>
  </testcase> <!-- @BeforeTest beforeTest -->
  <testcase classname="com.shoppersstack_Generic_Utility.Base_Test" name="@AfterTest afterTest" time="0.0">
    <ignored/>
  </testcase> <!-- @AfterTest afterTest -->
  <testcase classname="com.shoppersstack_Generic_Utility.Base_Test" name="@AfterSuite afterSuite" time="0.0">
    <ignored/>
  </testcase> <!-- @AfterSuite afterSuite -->
  <testcase classname="com.shoppersstack_Generic_Utility.Base_Test" name="@AfterTest afterTest" time="0.0">
    <ignored/>
  </testcase> <!-- @AfterTest afterTest -->
  <testcase classname="com.shoppersstack_Generic_Utility.Base_Test" name="@AfterSuite afterSuite" time="0.0">
    <ignored/>
  </testcase> <!-- @AfterSuite afterSuite -->
  <testcase classname="com.shoppersstack_Generic_Utility.Base_Test" name="@BeforeTest beforeTest" time="0.0">
    <ignored/>
  </testcase> <!-- @BeforeTest beforeTest -->
</testsuite> <!-- Surefire test -->
