<?xml version="1.0" encoding="UTF-8"?>
<testng-results ignored="0" total="3" passed="3" failed="0" skipped="0">
  <reporter-output>
  </reporter-output>
  <suite started-at="2024-11-19T10:53:43 IST" name="Surefire suite" finished-at="2024-11-19T10:56:54 IST" duration-ms="191947">
    <groups>
    </groups>
    <test started-at="2024-11-19T10:53:43 IST" name="Surefire test" finished-at="2024-11-19T10:56:54 IST" duration-ms="191947">
      <class name="com.shopperstack_TestScript.Tc_002_Verify_user_is_delete_Address_or_not_Test">
        <test-method is-config="true" signature="beforelass()[pri:0, instance:com.shopperstack_TestScript.Tc_002_Verify_user_is_delete_Address_or_not_Test@3c130745]" started-at="2024-11-19T10:54:45 IST" name="beforelass" finished-at="2024-11-19T10:54:50 IST" duration-ms="4860" status="PASS">
          <reporter-output>
          </reporter-output>
        </test-method> <!-- beforelass -->
        <test-method is-config="true" signature="beforeMethod()[pri:0, instance:com.shopperstack_TestScript.Tc_002_Verify_user_is_delete_Address_or_not_Test@3c130745]" started-at="2024-11-19T10:54:50 IST" name="beforeMethod" finished-at="2024-11-19T10:55:02 IST" duration-ms="11839" status="PASS">
          <reporter-output>
          </reporter-output>
        </test-method> <!-- beforeMethod -->
        <test-method signature="deleteAddress()[pri:0, instance:com.shopperstack_TestScript.Tc_002_Verify_user_is_delete_Address_or_not_Test@3c130745]" started-at="2024-11-19T10:55:02 IST" name="deleteAddress" finished-at="2024-11-19T10:55:19 IST" duration-ms="17428" status="PASS">
          <reporter-output>
          </reporter-output>
        </test-method> <!-- deleteAddress -->
        <test-method is-config="true" signature="afterMathod()[pri:0, instance:com.shopperstack_TestScript.Tc_002_Verify_user_is_delete_Address_or_not_Test@3c130745]" started-at="2024-11-19T10:55:19 IST" name="afterMathod" finished-at="2024-11-19T10:55:20 IST" duration-ms="1117" status="PASS">
          <reporter-output>
          </reporter-output>
        </test-method> <!-- afterMathod -->
        <test-method is-config="true" signature="afterClass()[pri:0, instance:com.shopperstack_TestScript.Tc_002_Verify_user_is_delete_Address_or_not_Test@3c130745]" started-at="2024-11-19T10:55:20 IST" name="afterClass" finished-at="2024-11-19T10:55:39 IST" duration-ms="19239" status="PASS">
          <reporter-output>
          </reporter-output>
        </test-method> <!-- afterClass -->
      </class> <!-- com.shopperstack_TestScript.Tc_002_Verify_user_is_delete_Address_or_not_Test -->
      <class name="com.shopperstack_TestScript.Tc_001_Verify_user_is_able_to_addAddresses_or_not_Test">
        <test-method is-config="true" signature="beforeSuit()[pri:0, instance:com.shopperstack_TestScript.Tc_001_Verify_user_is_able_to_addAddresses_or_not_Test@3d680b5a]" started-at="2024-11-19T10:53:42 IST" name="beforeSuit" finished-at="2024-11-19T10:53:43 IST" duration-ms="42" status="PASS">
          <reporter-output>
          </reporter-output>
        </test-method> <!-- beforeSuit -->
        <test-method is-config="true" signature="beforeTest()[pri:0, instance:com.shopperstack_TestScript.Tc_001_Verify_user_is_able_to_addAddresses_or_not_Test@3d680b5a]" started-at="2024-11-19T10:53:43 IST" name="beforeTest" finished-at="2024-11-19T10:53:43 IST" duration-ms="599" status="PASS">
          <reporter-output>
          </reporter-output>
        </test-method> <!-- beforeTest -->
        <test-method is-config="true" signature="beforelass()[pri:0, instance:com.shopperstack_TestScript.Tc_001_Verify_user_is_able_to_addAddresses_or_not_Test@3d680b5a]" started-at="2024-11-19T10:53:43 IST" name="beforelass" finished-at="2024-11-19T10:53:54 IST" duration-ms="10817" status="PASS">
          <reporter-output>
          </reporter-output>
        </test-method> <!-- beforelass -->
        <test-method is-config="true" signature="beforeMethod()[pri:0, instance:com.shopperstack_TestScript.Tc_001_Verify_user_is_able_to_addAddresses_or_not_Test@3d680b5a]" started-at="2024-11-19T10:53:54 IST" name="beforeMethod" finished-at="2024-11-19T10:54:06 IST" duration-ms="12305" status="PASS">
          <reporter-output>
          </reporter-output>
        </test-method> <!-- beforeMethod -->
        <test-method signature="addAddress()[pri:0, instance:com.shopperstack_TestScript.Tc_001_Verify_user_is_able_to_addAddresses_or_not_Test@3d680b5a]" started-at="2024-11-19T10:54:06 IST" name="addAddress" finished-at="2024-11-19T10:54:25 IST" duration-ms="18397" status="PASS">
          <reporter-output>
          </reporter-output>
        </test-method> <!-- addAddress -->
        <test-method is-config="true" signature="afterMathod()[pri:0, instance:com.shopperstack_TestScript.Tc_001_Verify_user_is_able_to_addAddresses_or_not_Test@3d680b5a]" started-at="2024-11-19T10:54:25 IST" name="afterMathod" finished-at="2024-11-19T10:54:26 IST" duration-ms="1052" status="PASS">
          <reporter-output>
          </reporter-output>
        </test-method> <!-- afterMathod -->
        <test-method is-config="true" signature="afterClass()[pri:0, instance:com.shopperstack_TestScript.Tc_001_Verify_user_is_able_to_addAddresses_or_not_Test@3d680b5a]" started-at="2024-11-19T10:54:26 IST" name="afterClass" finished-at="2024-11-19T10:54:45 IST" duration-ms="19007" status="PASS">
          <reporter-output>
          </reporter-output>
        </test-method> <!-- afterClass -->
        <test-method is-config="true" signature="afterTest()[pri:0, instance:com.shopperstack_TestScript.Tc_001_Verify_user_is_able_to_addAddresses_or_not_Test@3d680b5a]" started-at="2024-11-19T10:56:53 IST" name="afterTest" finished-at="2024-11-19T10:56:54 IST" duration-ms="1276" status="PASS">
          <reporter-output>
          </reporter-output>
        </test-method> <!-- afterTest -->
        <test-method is-config="true" signature="afterSuite()[pri:0, instance:com.shopperstack_TestScript.Tc_001_Verify_user_is_able_to_addAddresses_or_not_Test@3d680b5a]" started-at="2024-11-19T10:56:55 IST" name="afterSuite" finished-at="2024-11-19T10:56:55 IST" duration-ms="2" status="PASS">
          <reporter-output>
          </reporter-output>
        </test-method> <!-- afterSuite -->
      </class> <!-- com.shopperstack_TestScript.Tc_001_Verify_user_is_able_to_addAddresses_or_not_Test -->
      <class name="com.shopperstack_TestScript.Tc_003_Verify_user_Place_order_or_not_Test">
        <test-method is-config="true" signature="beforelass()[pri:0, instance:com.shopperstack_TestScript.Tc_003_Verify_user_Place_order_or_not_Test@cd3fee8]" started-at="2024-11-19T10:55:39 IST" name="beforelass" finished-at="2024-11-19T10:55:44 IST" duration-ms="4269" status="PASS">
          <reporter-output>
          </reporter-output>
        </test-method> <!-- beforelass -->
        <test-method is-config="true" signature="beforeMethod()[pri:0, instance:com.shopperstack_TestScript.Tc_003_Verify_user_Place_order_or_not_Test@cd3fee8]" started-at="2024-11-19T10:55:44 IST" name="beforeMethod" finished-at="2024-11-19T10:55:58 IST" duration-ms="14228" status="PASS">
          <reporter-output>
          </reporter-output>
        </test-method> <!-- beforeMethod -->
        <test-method signature="orderProduct()[pri:0, instance:com.shopperstack_TestScript.Tc_003_Verify_user_Place_order_or_not_Test@cd3fee8]" started-at="2024-11-19T10:55:58 IST" name="orderProduct" finished-at="2024-11-19T10:56:28 IST" duration-ms="29799" status="PASS">
          <reporter-output>
          </reporter-output>
        </test-method> <!-- orderProduct -->
        <test-method is-config="true" signature="afterMathod()[pri:0, instance:com.shopperstack_TestScript.Tc_003_Verify_user_Place_order_or_not_Test@cd3fee8]" started-at="2024-11-19T10:56:28 IST" name="afterMathod" finished-at="2024-11-19T10:56:30 IST" duration-ms="2397" status="PASS">
          <reporter-output>
          </reporter-output>
        </test-method> <!-- afterMathod -->
        <test-method is-config="true" signature="afterClass()[pri:0, instance:com.shopperstack_TestScript.Tc_003_Verify_user_Place_order_or_not_Test@cd3fee8]" started-at="2024-11-19T10:56:30 IST" name="afterClass" finished-at="2024-11-19T10:56:53 IST" duration-ms="23163" status="PASS">
          <reporter-output>
          </reporter-output>
        </test-method> <!-- afterClass -->
      </class> <!-- com.shopperstack_TestScript.Tc_003_Verify_user_Place_order_or_not_Test -->
    </test> <!-- Surefire test -->
  </suite> <!-- Surefire suite -->
</testng-results>
